2025-11-11 00:30:28,615 - INFO - Starting AI ATS Pipeline...
2025-11-11 00:30:28,685 - INFO - Processed vivek_resume.pdf
2025-11-11 00:30:28,686 - INFO - Completed: Extracting text from PDFs
2025-11-11 01:01:18,830 - INFO - Starting AI ATS Pipeline...
2025-11-11 01:01:18,892 - INFO - Processed vivek_resume.pdf
2025-11-11 01:01:18,893 - INFO - Processed Abhay_Pratap_Singh.pdf
2025-11-11 01:01:18,893 - INFO - Completed: Extracting text from PDFs
2025-11-11 01:01:19,226 - INFO - Processed jd2.pdf
2025-11-11 01:01:19,226 - INFO - Processed jd1.pdf
2025-11-11 01:01:19,226 - INFO - Completed: Processing job descriptions
2025-11-11 01:01:19,227 - INFO - Step 'Extraction and JD Processing' validation passed.
2025-11-11 01:01:19,227 - INFO - Step 2: Cleaning and preprocessing resumes...
2025-11-11 01:01:19,548 - INFO - Processed vivek_resume.txt
2025-11-11 01:01:19,548 - INFO - Processed Abhay_Pratap_Singh.txt
2025-11-11 01:01:19,549 - INFO - Step 2 completed in 0.32s
2025-11-11 01:01:19,549 - INFO - Step 'Resume Cleaning' validation passed.
2025-11-11 01:01:19,549 - INFO - Step 3: Parsing sections and structuring resumes...
2025-11-11 01:01:19,802 - INFO - Processed vivek_resume_clean.json
2025-11-11 01:01:19,803 - INFO - Processed Abhay_Pratap_Singh_clean.json
2025-11-11 01:01:19,803 - INFO - Step 3 completed in 0.25s
2025-11-11 01:01:19,803 - INFO - Step 'Section Parsing' validation passed.
2025-11-11 01:01:19,803 - INFO - Step 5: Performing matching...
2025-11-11 01:01:19,810 - INFO - Step 5 completed in 0.01s
2025-11-11 01:01:19,810 - INFO - Step 'Matching' validation passed.
2025-11-11 01:01:19,811 - INFO - Pipeline completed successfully in 0.98s!
2025-11-11 01:06:36,783 - INFO - Starting AI ATS Pipeline...
2025-11-11 01:06:36,847 - INFO - Processed vivek_resume.pdf
2025-11-11 01:06:36,848 - INFO - Processed Abhay_Pratap_Singh.pdf
2025-11-11 01:06:36,849 - INFO - Completed: Extracting text from PDFs
2025-11-11 01:06:37,150 - INFO - Processed jd2.pdf
2025-11-11 01:06:37,150 - INFO - Processed jd1.pdf
2025-11-11 01:06:37,150 - INFO - Completed: Processing job descriptions
2025-11-11 01:06:37,150 - INFO - Step 'Extraction and JD Processing' validation passed.
2025-11-11 01:06:37,150 - INFO - Step 2: Cleaning and preprocessing resumes...
2025-11-11 01:06:37,446 - INFO - Processed vivek_resume.txt
2025-11-11 01:06:37,447 - INFO - Processed Abhay_Pratap_Singh.txt
2025-11-11 01:06:37,447 - INFO - Step 2 completed in 0.30s
2025-11-11 01:06:37,447 - INFO - Step 'Resume Cleaning' validation passed.
2025-11-11 01:06:37,447 - INFO - Step 3: Parsing sections and structuring resumes...
2025-11-11 01:06:37,701 - INFO - Processed vivek_resume_clean.json
2025-11-11 01:06:37,701 - INFO - Processed Abhay_Pratap_Singh_clean.json
2025-11-11 01:06:37,702 - INFO - Step 3 completed in 0.25s
2025-11-11 01:06:37,702 - INFO - Step 'Section Parsing' validation passed.
2025-11-11 01:06:37,702 - INFO - Step 5: Performing matching for all JD-resume pairs...
2025-11-11 01:06:37,730 - INFO - Step 5 completed in 0.03s
2025-11-11 01:06:37,731 - INFO - Matching results saved in data/results/
2025-11-11 01:06:37,731 - INFO - Pipeline completed successfully in 0.95s!
2025-11-12 10:50:09,004 - INFO - Starting AI ATS Pipeline...
2025-11-12 10:50:09,080 - INFO - Processed vivek_resume.pdf
2025-11-12 10:50:09,081 - INFO - Processed Abhay_Pratap_Singh.pdf
2025-11-12 10:50:09,081 - INFO - Completed: Extracting text from PDFs
2025-11-12 10:51:38,305 - INFO - Starting AI ATS Pipeline...
2025-11-12 10:51:38,387 - INFO - Processed vivek_resume.pdf
2025-11-12 10:51:38,387 - INFO - Processed Abhay_Pratap_Singh.pdf
2025-11-12 10:51:38,388 - INFO - Completed: Extracting text from PDFs
2025-11-12 10:51:38,773 - INFO - Processed jd2.pdf
2025-11-12 10:51:38,773 - INFO - Processed jd1.pdf
2025-11-12 10:51:38,774 - INFO - Completed: Processing job descriptions
2025-11-12 10:51:38,774 - INFO - Step 'Extraction and JD Processing' validation passed.
2025-11-12 10:51:38,774 - INFO - Step 2: Cleaning and preprocessing resumes...
2025-11-12 10:51:39,088 - INFO - Processed vivek_resume.txt
2025-11-12 10:51:39,089 - INFO - Processed Abhay_Pratap_Singh.txt
2025-11-12 10:51:39,089 - INFO - Step 2 completed in 0.32s
2025-11-12 10:51:39,089 - INFO - Step 'Resume Cleaning' validation passed.
2025-11-12 10:51:39,090 - INFO - Step 3: Parsing sections and structuring resumes...
2025-11-12 10:51:39,363 - INFO - Processed vivek_resume_clean.json
2025-11-12 10:51:39,363 - INFO - Processed Abhay_Pratap_Singh_clean.json
2025-11-12 10:51:39,364 - INFO - Step 3 completed in 0.27s
2025-11-12 10:51:39,364 - INFO - Step 'Section Parsing' validation passed.
2025-11-12 10:51:39,364 - INFO - Step 5: Performing matching for all JD-resume pairs...
2025-11-12 10:51:39,389 - INFO - Step 5 completed in 0.02s
2025-11-12 10:51:39,389 - INFO - Matching results saved in data/results/
2025-11-12 10:51:39,389 - INFO - Pipeline completed successfully in 1.08s!
2025-11-12 14:48:55,208 - INFO - Starting AI ATS Pipeline...
2025-11-12 14:48:55,294 - INFO - Processed vivek_resume.pdf
2025-11-12 14:48:55,294 - INFO - Processed Abhay_Pratap_Singh.pdf
2025-11-12 14:48:55,295 - INFO - Completed: Extracting text from PDFs
2025-11-12 14:48:55,668 - INFO - Processed jd2.pdf
2025-11-12 14:48:55,669 - INFO - Processed jd1.pdf
2025-11-12 14:48:55,669 - INFO - Completed: Processing job descriptions
2025-11-12 14:48:55,670 - INFO - Step 'Extraction and JD Processing' validation passed.
2025-11-12 14:48:55,670 - INFO - Step 2: Cleaning and preprocessing resumes...
2025-11-12 14:48:55,979 - INFO - Processed vivek_resume.txt
2025-11-12 14:48:55,979 - INFO - Processed Abhay_Pratap_Singh.txt
2025-11-12 14:48:55,980 - INFO - Step 2 completed in 0.31s
2025-11-12 14:48:55,980 - INFO - Step 'Resume Cleaning' validation passed.
2025-11-12 14:48:55,980 - INFO - Step 3: Parsing sections and structuring resumes...
2025-11-12 14:48:56,273 - INFO - Processed vivek_resume_clean.json
2025-11-12 14:48:56,273 - INFO - Processed Abhay_Pratap_Singh_clean.json
2025-11-12 14:48:56,273 - INFO - Step 3 completed in 0.29s
2025-11-12 14:48:56,273 - INFO - Step 'Section Parsing' validation passed.
2025-11-12 14:48:56,273 - INFO - Step 5: Performing matching for all JD-resume pairs...
2025-11-12 14:48:56,300 - INFO - Step 5 completed in 0.03s
2025-11-12 14:48:56,300 - INFO - Matching results saved in data/results/
2025-11-12 14:48:56,300 - INFO - Pipeline completed successfully in 1.09s!
